app/build/intermediates/manifest_merge_blame_file/debug/manifest-merger-blame-debug-report.txt
1<?xml version="1.0" encoding="utf-8"?>
2<manifest xmlns:android="http://schemas.android.com/apk/res/android"
3    package="com.example.exposure"
4    android:versionCode="1"
5    android:versionName="1.0" >
6
7    <uses-sdk
8        android:minSdkVersion="23"
8-->src\main\AndroidManifest.xml
9        android:targetSdkVersion="29" />
9-->src\main\AndroidManifest.xml
10
11    <!-- Internet Permission Granted -->
12    <uses-permission android:name="android.permission.INTERNET" />
12-->src\main\AndroidManifest.xml:7:5-67
12-->src\main\AndroidManifest.xml:7:22-64
13
14    <application
14-->src\main\AndroidManifest.xml:9:5-34:19
15        android:allowBackup="true"
15-->src\main\AndroidManifest.xml:10:9-35
16        android:appComponentFactory="androidx.core.app.CoreComponentFactory"
16-->[androidx.core:core:1.1.0] AndroidManifest.xml:24:18-86
17        android:debuggable="true"
18        android:extractNativeLibs="false"
19        android:icon="@drawable/expo_icon"
19-->src\main\AndroidManifest.xml:11:9-43
20        android:label="@string/app_name"
20-->src\main\AndroidManifest.xml:12:9-41
21        android:roundIcon="@mipmap/ic_launcher_round"
21-->src\main\AndroidManifest.xml:13:9-54
22        android:supportsRtl="true"
22-->src\main\AndroidManifest.xml:14:9-35
23        android:testOnly="true"
24        android:theme="@style/AppTheme"
24-->src\main\AndroidManifest.xml:15:9-40
25        android:usesCleartextTraffic="true" >
25-->src\main\AndroidManifest.xml:16:9-44
26        <activity android:name="com.example.exposure.Activity.Business.ListAllProductsActivity" />
26-->src\main\AndroidManifest.xml:18:9-88
26-->src\main\AndroidManifest.xml:18:19-76
27        <activity android:name="com.example.exposure.Activity.Business.ListAllBusinessesActivity" />
27-->src\main\AndroidManifest.xml:19:9-81
27-->src\main\AndroidManifest.xml:19:19-78
28        <activity
28-->src\main\AndroidManifest.xml:20:9-22:58
29            android:name="com.example.exposure.Activity.Organizer.AddEventActivity"
29-->src\main\AndroidManifest.xml:21:13-64
30            android:windowSoftInputMode="adjustResize" />
30-->src\main\AndroidManifest.xml:22:13-55
31        <activity android:name="com.example.exposure.Activity.Organizer.ListAllEventsActivity" />
31-->src\main\AndroidManifest.xml:23:9-78
31-->src\main\AndroidManifest.xml:23:19-75
32        <activity android:name="com.example.exposure.Activity.Visitor.VisitorMainActivity" />
32-->src\main\AndroidManifest.xml:24:9-74
32-->src\main\AndroidManifest.xml:24:19-71
33        <activity android:name="com.example.exposure.Activity.Business.BusinessMainActivity" />
33-->src\main\AndroidManifest.xml:25:9-76
33-->src\main\AndroidManifest.xml:25:19-73
34        <activity android:name="com.example.exposure.Activity.Organizer.OrganizerMainActivity" />
34-->src\main\AndroidManifest.xml:26:9-78
34-->src\main\AndroidManifest.xml:26:19-75
35        <activity android:name="com.example.exposure.MainActivity" >
35-->src\main\AndroidManifest.xml:27:9-33:20
35-->src\main\AndroidManifest.xml:27:19-47
36            <intent-filter>
36-->src\main\AndroidManifest.xml:28:13-32:29
37                <action android:name="android.intent.action.MAIN" />
37-->src\main\AndroidManifest.xml:29:17-69
37-->src\main\AndroidManifest.xml:29:25-66
38
39                <category android:name="android.intent.category.LAUNCHER" />
39-->src\main\AndroidManifest.xml:31:17-77
39-->src\main\AndroidManifest.xml:31:27-74
40            </intent-filter>
41        </activity>
42
43        <provider
43-->[com.squareup.picasso:picasso:2.71828] AndroidManifest.xml:8:9-11:40
44            android:name="com.squareup.picasso.PicassoProvider"
44-->[com.squareup.picasso:picasso:2.71828] AndroidManifest.xml:9:13-64
45            android:authorities="com.example.exposure.com.squareup.picasso"
45-->[com.squareup.picasso:picasso:2.71828] AndroidManifest.xml:10:13-72
46            android:exported="false" />
46-->[com.squareup.picasso:picasso:2.71828] AndroidManifest.xml:11:13-37
47    </application>
48
49</manifest>